TN:
SF:/Users/matt/SEP/herkyles/App.js
FNF:0
FNH:0
LF:0
LH:0
BRF:0
BRH:0
end_of_record
TN:
SF:/Users/matt/SEP/herkyles/app/index.js
FN:17,(anonymous_0)
FNF:1
FNH:1
FNDA:1,(anonymous_0)
DA:7,1
DA:16,1
DA:17,1
LF:3
LH:3
BRF:0
BRH:0
end_of_record
TN:
SF:/Users/matt/SEP/herkyles/app/components/Buttons/LinkBtns/LinkBtns.js
FN:6,(anonymous_0)
FNF:1
FNH:1
FNDA:4,(anonymous_0)
DA:6,5
DA:7,4
DA:14,5
LF:3
LH:3
BRF:0
BRH:0
end_of_record
TN:
SF:/Users/matt/SEP/herkyles/app/components/Buttons/LinkBtns/index.js
FNF:0
FNH:0
LF:0
LH:0
BRF:0
BRH:0
end_of_record
TN:
SF:/Users/matt/SEP/herkyles/app/components/Buttons/LinkBtns/styles.js
FNF:0
FNH:0
LF:0
LH:0
BRF:0
BRH:0
end_of_record
TN:
SF:/Users/matt/SEP/herkyles/app/components/Container/Container.js
FN:7,(anonymous_0)
FN:8,(anonymous_1)
FNF:2
FNH:1
FNDA:5,(anonymous_0)
FNDA:0,(anonymous_1)
DA:7,7
DA:8,5
DA:15,7
LF:3
LH:3
BRF:0
BRH:0
end_of_record
TN:
SF:/Users/matt/SEP/herkyles/app/components/Container/index.js
FNF:0
FNH:0
LF:0
LH:0
BRF:0
BRH:0
end_of_record
TN:
SF:/Users/matt/SEP/herkyles/app/components/Container/styles.js
FNF:0
FNH:0
LF:0
LH:0
BRF:0
BRH:0
end_of_record
TN:
SF:/Users/matt/SEP/herkyles/app/components/Logo/Logo.js
FN:5,(anonymous_0)
FNF:1
FNH:1
FNDA:1,(anonymous_0)
DA:5,3
DA:6,1
LF:2
LH:2
BRF:0
BRH:0
end_of_record
TN:
SF:/Users/matt/SEP/herkyles/app/components/Logo/styles.js
FNF:0
FNH:0
DA:4,3
LF:1
LH:1
BRF:0
BRH:0
end_of_record
TN:
SF:/Users/matt/SEP/herkyles/app/components/Logo/images/logo.png
FNF:0
FNH:0
DA:1,1
LF:1
LH:1
BRF:0
BRH:0
end_of_record
TN:
SF:/Users/matt/SEP/herkyles/app/components/Spinner/Spinner.js
FN:6,(anonymous_0)
FNF:1
FNH:0
FNDA:0,(anonymous_0)
DA:6,3
DA:7,0
LF:2
LH:1
BRF:0
BRH:0
end_of_record
TN:
SF:/Users/matt/SEP/herkyles/app/components/Spinner/index.js
FNF:0
FNH:0
LF:0
LH:0
BRF:0
BRH:0
end_of_record
TN:
SF:/Users/matt/SEP/herkyles/app/components/Spinner/styles.js
FNF:0
FNH:0
LF:0
LH:0
BRF:0
BRH:0
end_of_record
TN:
SF:/Users/matt/SEP/herkyles/app/components/Status/CustomActivityIndicator.js
FN:5,(anonymous_0)
FNF:1
FNH:1
FNDA:3,(anonymous_0)
DA:5,3
DA:6,3
LF:2
LH:2
BRF:0
BRH:0
end_of_record
TN:
SF:/Users/matt/SEP/herkyles/app/components/Status/ErrorStatus.js
FN:6,(anonymous_0)
FNF:1
FNH:1
FNDA:1,(anonymous_0)
DA:6,3
DA:7,1
DA:12,3
LF:3
LH:3
BRF:0
BRH:0
end_of_record
TN:
SF:/Users/matt/SEP/herkyles/app/components/Status/styles.js
FNF:0
FNH:0
LF:0
LH:0
BRF:0
BRH:0
end_of_record
TN:
SF:/Users/matt/SEP/herkyles/app/components/TitledInput/TitledInput.js
FN:6,(anonymous_0)
FNF:1
FNH:1
FNDA:2,(anonymous_0)
DA:6,3
DA:7,2
DA:21,3
LF:3
LH:3
BRF:0
BRH:0
end_of_record
TN:
SF:/Users/matt/SEP/herkyles/app/components/TitledInput/index.js
FNF:0
FNH:0
LF:0
LH:0
BRF:0
BRH:0
end_of_record
TN:
SF:/Users/matt/SEP/herkyles/app/components/TitledInput/styles.js
FNF:0
FNH:0
LF:0
LH:0
BRF:0
BRH:0
end_of_record
TN:
SF:/Users/matt/SEP/herkyles/app/screens/AuthLoading.js
FN:8,(anonymous_0)
FN:13,(anonymous_1)
FN:22,(anonymous_2)
FNF:3
FNH:3
FNDA:3,(anonymous_0)
FNDA:3,(anonymous_1)
FNDA:3,(anonymous_2)
DA:9,3
DA:10,3
DA:14,3
DA:15,0
DA:18,0
DA:19,0
DA:23,3
LF:7
LH:4
BRDA:19,0,0,0
BRDA:19,0,1,0
BRF:2
BRH:0
end_of_record
TN:
SF:/Users/matt/SEP/herkyles/app/screens/GymStats.js
FN:30,(anonymous_0)
FN:44,(anonymous_1)
FN:46,(anonymous_2)
FN:66,(anonymous_3)
FN:74,(anonymous_4)
FN:89,(anonymous_5)
FNF:6
FNH:3
FNDA:1,(anonymous_0)
FNDA:0,(anonymous_1)
FNDA:0,(anonymous_2)
FNDA:1,(anonymous_3)
FNDA:0,(anonymous_4)
FNDA:1,(anonymous_5)
DA:12,3
DA:14,3
DA:15,3
DA:16,3
DA:17,3
DA:18,3
DA:19,3
DA:31,1
DA:32,1
DA:33,1
DA:41,1
DA:42,1
DA:44,1
DA:45,0
DA:46,0
DA:47,0
DA:48,0
DA:49,0
DA:50,0
DA:51,0
DA:52,0
DA:53,0
DA:55,0
DA:68,1
DA:69,1
DA:70,0
DA:72,0
DA:74,0
DA:86,1
DA:89,1
DA:98,3
LF:31
LH:18
BRF:0
BRH:0
end_of_record
TN:
SF:/Users/matt/SEP/herkyles/app/screens/HerkNav.js
FNF:0
FNH:0
DA:11,2
DA:18,2
LF:2
LH:2
BRF:0
BRH:0
end_of_record
TN:
SF:/Users/matt/SEP/herkyles/app/screens/Home.js
FN:18,(anonymous_0)
FN:23,(anonymous_1)
FN:27,(anonymous_2)
FNF:3
FNH:1
FNDA:0,(anonymous_0)
FNDA:0,(anonymous_1)
FNDA:1,(anonymous_2)
DA:19,0
DA:20,0
DA:24,0
DA:25,0
DA:28,1
LF:5
LH:1
BRF:0
BRH:0
end_of_record
TN:
SF:/Users/matt/SEP/herkyles/app/screens/Login.js
FN:20,(anonymous_0)
FN:25,(anonymous_1)
FN:38,(anonymous_2)
FN:42,(anonymous_3)
FN:47,(anonymous_4)
FN:54,(anonymous_5)
FN:65,(anonymous_6)
FN:70,(anonymous_7)
FN:77,(anonymous_8)
FN:84,(anonymous_9)
FNF:10
FNH:3
FNDA:1,(anonymous_0)
FNDA:0,(anonymous_1)
FNDA:0,(anonymous_2)
FNDA:0,(anonymous_3)
FNDA:0,(anonymous_4)
FNDA:1,(anonymous_5)
FNDA:0,(anonymous_6)
FNDA:1,(anonymous_7)
FNDA:0,(anonymous_8)
FNDA:0,(anonymous_9)
DA:21,1
DA:22,1
DA:26,0
DA:28,0
DA:29,0
DA:31,0
DA:32,0
DA:34,0
DA:39,0
DA:40,0
DA:41,0
DA:42,0
DA:43,0
DA:44,0
DA:49,0
DA:50,0
DA:56,1
DA:57,0
DA:61,1
DA:67,0
DA:71,1
DA:77,0
DA:84,0
LF:23
LH:5
BRDA:56,0,0,0
BRDA:56,0,1,1
BRF:2
BRH:1
end_of_record
TN:
SF:/Users/matt/SEP/herkyles/app/screens/Signup.js
FN:14,(anonymous_0)
FNF:1
FNH:1
FNDA:1,(anonymous_0)
DA:15,1
LF:1
LH:1
BRF:0
BRH:0
end_of_record
TN:
SF:/Users/matt/SEP/herkyles/app/screens/Welcome.js
FN:17,(anonymous_0)
FN:22,(anonymous_1)
FN:33,(anonymous_2)
FN:50,(anonymous_3)
FNF:4
FNH:3
FNDA:1,(anonymous_0)
FNDA:1,(anonymous_1)
FNDA:0,(anonymous_2)
FNDA:1,(anonymous_3)
DA:18,1
DA:19,1
DA:20,1
DA:23,1
DA:24,1
DA:25,0
DA:26,0
DA:27,0
DA:30,0
DA:34,0
DA:35,0
DA:38,0
DA:39,0
DA:40,0
DA:41,0
DA:42,0
DA:44,0
DA:46,0
DA:51,1
LF:19
LH:6
BRF:0
BRH:0
end_of_record
TN:
SF:/Users/matt/SEP/herkyles/db/DbConfig.js
FNF:0
FNH:0
DA:3,5
DA:12,5
LF:2
LH:2
BRF:0
BRH:0
end_of_record
